[%(levelname)s] (%(threadName)-10s) %(message)s
[%(levelname)s] (%(threadName)-10s) %(message)s
Detected a task scheduled
Trying send fast command
Detected a task scheduled
Trying send fast command
Detected a task scheduled
Trying send fast command
Trying to read the value
Detected a task scheduled
Trying send fast command
Trying to read the value
Reading off the end of the data. Tried to read 4 bits when only 0 available.
Trying to read the value
Reading off the end of the data. Tried to read 4 bits when only 0 available.
Trying to read the value
Reading off the end of the data. Tried to read 4 bits when only 0 available.
Trying to read the value
Reading off the end of the data. Tried to read 4 bits when only 0 available.
Trying to read the value
Reading off the end of the data. Tried to read 4 bits when only 0 available.
Detected a task scheduled
Trying send fast command
Trying to read the value
Uploading value to rethink
Uploaded value was: 126
Trying to read the value
Reading off the end of the data. Tried to read 4 bits when only 0 available.
Trying to read the value
Reading off the end of the data. Tried to read 4 bits when only 0 available.
Trying to read the value
Reading off the end of the data. Tried to read 4 bits when only 0 available.
Trying to read the value
Reading off the end of the data. Tried to read 4 bits when only 0 available.
Trying to read the value
Reading off the end of the data. Tried to read 4 bits when only 0 available.
Trying to read the value
Reading off the end of the data. Tried to read 4 bits when only 0 available.
Trying to read the value
Reading off the end of the data. Tried to read 4 bits when only 0 available.
Trying to read the value
Reading off the end of the data. Tried to read 4 bits when only 0 available.
Trying to read the value
Reading off the end of the data. Tried to read 4 bits when only 0 available.
Trying to read the value
Reading off the end of the data. Tried to read 4 bits when only 0 available.
Trying to read the value
Reading off the end of the data. Tried to read 4 bits when only 0 available.
Trying to read the value
Reading off the end of the data. Tried to read 4 bits when only 0 available.
Trying to read the value
Reading off the end of the data. Tried to read 4 bits when only 0 available.
Trying to read the value
Reading off the end of the data. Tried to read 4 bits when only 0 available.
Trying to read the value
Reading off the end of the data. Tried to read 4 bits when only 0 available.
Trying to read the value
Reading off the end of the data. Tried to read 4 bits when only 0 available.
Trying to read the value
Reading off the end of the data. Tried to read 4 bits when only 0 available.
Trying to read the value
Reading off the end of the data. Tried to read 4 bits when only 0 available.
Trying to read the value
Reading off the end of the data. Tried to read 4 bits when only 0 available.
Trying to read the value
Reading off the end of the data. Tried to read 4 bits when only 0 available.
Trying to read the value
Reading off the end of the data. Tried to read 4 bits when only 0 available.
Trying to read the value
Reading off the end of the data. Tried to read 4 bits when only 0 available.
Trying to read the value
Reading off the end of the data. Tried to read 4 bits when only 0 available.
Trying to read the value
Reading off the end of the data. Tried to read 4 bits when only 0 available.
Trying to read the value
Reading off the end of the data. Tried to read 4 bits when only 0 available.
Trying to read the value
Reading off the end of the data. Tried to read 4 bits when only 0 available.
Trying to read the value
Reading off the end of the data. Tried to read 4 bits when only 0 available.
Trying to read the value
Reading off the end of the data. Tried to read 4 bits when only 0 available.
Trying to read the value
Reading off the end of the data. Tried to read 4 bits when only 0 available.
Trying to read the value
Reading off the end of the data. Tried to read 4 bits when only 0 available.
Trying to read the value
Reading off the end of the data. Tried to read 4 bits when only 0 available.
Trying to read the value
Reading off the end of the data. Tried to read 4 bits when only 0 available.
Trying to read the value
Reading off the end of the data. Tried to read 4 bits when only 0 available.
Trying to read the value
Reading off the end of the data. Tried to read 4 bits when only 0 available.
Trying to read the value
Reading off the end of the data. Tried to read 4 bits when only 0 available.
Trying to read the value
Reading off the end of the data. Tried to read 4 bits when only 0 available.
Trying to read the value
Reading off the end of the data. Tried to read 4 bits when only 0 available.
Trying to read the value
Reading off the end of the data. Tried to read 4 bits when only 0 available.
Trying to read the value
Trying to read the value
device reports readiness to read but returned no data (device disconnected?)
Trying to read the value
[Errno 11] Resource temporarily unavailable
Trying to read the value
Uploading value to rethink
Uploaded value was: 126
Reading off the end of the data. Tried to read 4 bits when only 0 available.
Trying to read the value
Detected a task scheduled
Trying send fast command
Trying to read the value
Error: Reading off the end of the data. Tried to read 4 bits when only 0 available.
Trying to read the value
Error: Reading off the end of the data. Tried to read 4 bits when only 0 available.
Trying to read the value
Error: Reading off the end of the data. Tried to read 4 bits when only 0 available.
Detected a task scheduled
Trying send fast command
Trying to read the value
Uploading value to rethink
Uploaded value was: 1
Detected a task scheduled
Trying send fast command
Trying to read the value
Uploading value to rethink
Uploaded value was: 1
Detected a task scheduled
Trying send fast command
Trying to read the value
Uploading value to rethink
Uploaded value was: 1
Detected a task scheduled
Trying send fast command
Trying to read the value
Uploading value to rethink
Uploaded value was: 2
Detected a task scheduled
Trying send fast command
Trying to read the value
Uploading value to rethink
Uploaded value was: 2
Detected a task scheduled
Trying send fast command
Trying to read the value
Uploading value to rethink
Uploaded value was: 2
Detected a task scheduled
Trying send fast command
Trying to read the value
Uploading value to rethink
Uploaded value was: 1
Detected a task scheduled
Trying send fast command
Trying to read the value
Uploading value to rethink
Uploaded value was: 1
Detected a task scheduled
Trying send fast command
Trying to read the value
Uploading value to rethink
Uploaded value was: 2
Detected a task scheduled
Trying send fast command
Trying to read the value
Trying to read the value
Trying to read the value
Executing commandGetRam
Executing commandGetRam
Error: device reports readiness to read but returned no data (device disconnected?)
Uploading value to rethink
Uploading value to rethink
Uploaded value was: 1
Uploaded value was: 1
Detected a task scheduled
Trying send fast command
Detected a task scheduled
Detected a task scheduled
Trying send fast command
Trying send fast command
Executing commandOn
Executing commandOn
Trying to read the value
Trying to read the value
Trying to read the value
Executing commandGetRam
Executing commandGetRam
Error: [Errno 11] Resource temporarily unavailable
Detected a task scheduled
Trying send fast command
Uploading value to rethink
Uploading value to rethink
Uploaded value was: 15
Uploaded value was: 15
Trying to read the value
Trying to read the value
Executing command: GetRam
Executing command: GetRam
Error: global name 'time' is not defined
Error: global name 'time' is not defined
Detected a task scheduled
Detected a task scheduled
Trying send fast command
Trying send fast command
Executing command: Off
Executing command: Off
Error: global name 'time' is not defined
Error: global name 'time' is not defined
Trying to read the value
Trying to read the value
Executing command: GetRam
Executing command: GetRam
Error: global name 'time' is not defined
Error: global name 'time' is not defined
Detected a task scheduled
Detected a task scheduled
Trying send fast command
Trying send fast command
Executing command: On
Executing command: On
Error: global name 'time' is not defined
Error: global name 'time' is not defined
Trying to read the value
Trying to read the value
Executing command: GetRam
Executing command: GetRam
Error: 'module' object is not callable
Error: 'module' object is not callable
Detected a task scheduled
Detected a task scheduled
Trying send fast command
Trying send fast command
Executing command: On
Executing command: On
Error: 'module' object is not callable
Error: 'module' object is not callable
Trying to read the value
Trying to read the value
Executing command: GetRam
Executing command: GetRam
Error: 'module' object is not callable
Error: 'module' object is not callable
Detected a task scheduled
Detected a task scheduled
Trying send fast command
Trying send fast command
Executing command: On
Executing command: On
Error: 'module' object is not callable
Error: 'module' object is not callable
Trying to read the value
Trying to read the value
Executing command: GetRam
Executing command: GetRam
Error: 'module' object is not callable
Error: 'module' object is not callable
Detected a task scheduled
Detected a task scheduled
Trying send fast command
Trying send fast command
Executing command: On
Executing command: On
Error: 'module' object is not callable
Error: 'module' object is not callable
Trying to read the value
Trying to read the value
Executing command: GetRam
Executing command: GetRam
Error: shx() takes exactly 2 arguments (1 given)
Error: shx() takes exactly 2 arguments (1 given)
Detected a task scheduled
Detected a task scheduled
Trying send fast command
Trying send fast command
Executing command: On
Executing command: On
Error: shx() takes exactly 2 arguments (1 given)
Error: shx() takes exactly 2 arguments (1 given)
Trying to read the value
Trying to read the value
Executing command: GetRam
Executing command: GetRam
Error: shx() takes exactly 2 arguments (1 given)
Error: shx() takes exactly 2 arguments (1 given)
Detected a task scheduled
Detected a task scheduled
Trying send fast command
Trying send fast command
Executing command: On
Executing command: On
Error: shx() takes exactly 2 arguments (1 given)
Error: shx() takes exactly 2 arguments (1 given)
Trying to read the value
Trying to read the value
Executing command: GetRam
Executing command: GetRam
Uploading value to rethink
Uploading value to rethink
Uploaded value was: 2
Uploaded value was: 2
Detected a task scheduled
Detected a task scheduled
Trying send fast command
Trying send fast command
Executing command: On
Executing command: On
Trying to read the value
Trying to read the value
Executing command: GetRam
Executing command: GetRam
Uploading value to rethink
Uploading value to rethink
Uploaded value was: 255
Uploaded value was: 255
Detected a task scheduled
Detected a task scheduled
Trying send fast command
Trying send fast command
Executing command: On
Executing command: On
Trying to read the value
Trying to read the value
Executing command: GetRam
Executing command: GetRam
Uploading value to rethink
Uploading value to rethink
Uploaded value was: 126
Uploaded value was: 126
Detected a task scheduled
Detected a task scheduled
Trying send fast command
Trying send fast command
Executing command: On
Executing command: On
Trying to read the value
Trying to read the value
Executing command: GetRam
Executing command: GetRam
Uploading value to rethink
Uploading value to rethink
Uploaded value was: 255
Uploaded value was: 255
Detected a task scheduled
Detected a task scheduled
Trying send fast command
Trying send fast command
Executing command: On
Executing command: On
Trying to read the value
Trying to read the value
Executing command: GetRam
Executing command: GetRam
Uploading value to rethink
Uploading value to rethink
Uploaded value was: 126
Uploaded value was: 126
Trying to read the value
Trying to read the value
Executing command: GetRam
Executing command: GetRam
Uploading value to rethink
Uploading value to rethink
Uploaded value was: 255
Uploaded value was: 255
Detected a task scheduled
Detected a task scheduled
Trying send fast command
Trying send fast command
Executing command: On
Executing command: On
Trying to read the value
Trying to read the value
Executing command: GetRam
Executing command: GetRam
Uploading value to rethink
Uploading value to rethink
Uploaded value was: 255
Uploaded value was: 255
Detected a task scheduled
Detected a task scheduled
Trying send fast command
Trying send fast command
Executing command: On
Executing command: On
Trying to read the value
Trying to read the value
Executing command: GetRam
Executing command: GetRam
Uploading value to rethink
Uploading value to rethink
Uploaded value was: 46
Uploaded value was: 46
Detected a task scheduled
Detected a task scheduled
Trying send fast command
Trying send fast command
Executing command: On
Executing command: On
Trying to read the value
Trying to read the value
Executing command: GetRam
Executing command: GetRam
Uploading value to rethink
Uploading value to rethink
Uploaded value was: 1
Uploaded value was: 1
Trying to read the value
Trying to read the value
Executing command: GetRam
Executing command: GetRam
Uploading value to rethink
Uploading value to rethink
Uploaded value was: 242
Uploaded value was: 242
Trying to read the value
Trying to read the value
Executing command: GetRam
Executing command: GetRam
Uploading value to rethink
Uploading value to rethink
Uploaded value was: 242
Uploaded value was: 242
Detected a task scheduled
Detected a task scheduled
Trying send fast command
Trying send fast command
Executing command: On
Executing command: On
Trying to read the value
Trying to read the value
Executing command: GetRam
Executing command: GetRam
Uploading value to rethink
Uploading value to rethink
Uploaded value was: 255
Uploaded value was: 255
Detected a task scheduled
Detected a task scheduled
Trying send fast command
Trying send fast command
Executing command: Off
Executing command: Off
Trying to read the value
Trying to read the value
Executing command: GetRam
Executing command: GetRam
Uploading value to rethink
Uploading value to rethink
Uploaded value was: 10
Uploaded value was: 10
Trying to read the value
Trying to read the value
Executing command: GetRam
Executing command: GetRam
Uploading value to rethink
Uploading value to rethink
Uploaded value was: 10
Uploaded value was: 10
Detected a task scheduled
Detected a task scheduled
Trying send fast command
Trying send fast command
Executing command: On
Executing command: On
Trying to read the value
Trying to read the value
Executing command: GetRam
Executing command: GetRam
Uploading value to rethink
Uploading value to rethink
Uploaded value was: 5
Uploaded value was: 5
Detected a task scheduled
Detected a task scheduled
Trying send fast command
Trying send fast command
Executing command: Off
Executing command: Off
Trying to read the value
Trying to read the value
Executing command: GetRam
Executing command: GetRam
Uploading value to rethink
Uploading value to rethink
Uploaded value was: 10
Uploaded value was: 10
Detected a task scheduled
Detected a task scheduled
Trying send fast command
Trying send fast command
Executing command: On
Executing command: On
Trying to read the value
Trying to read the value
Executing command: GetRam
Executing command: GetRam
Uploading value to rethink
Uploading value to rethink
Uploaded value was: 228
Uploaded value was: 228
Detected a task scheduled
Detected a task scheduled
Trying send fast command
Trying send fast command
Executing command: On
Executing command: On
Trying to read the value
Trying to read the value
Executing command: GetRam
Executing command: GetRam
Uploading value to rethink
Uploading value to rethink
Uploaded value was: 10
Uploaded value was: 10
Detected a task scheduled
Detected a task scheduled
Trying send fast command
Trying send fast command
Executing command: On
Executing command: On
Trying to read the value
Trying to read the value
Executing command: GetRam
Executing command: GetRam
Uploading value to rethink
Uploading value to rethink
Uploaded value was: 10
Uploaded value was: 10
Detected a task scheduled
Detected a task scheduled
Trying send fast command
Trying send fast command
Executing command: Off
Executing command: Off
Trying to read the value
Trying to read the value
Executing command: GetRam
Executing command: GetRam
Uploading value to rethink
Uploading value to rethink
Uploaded value was: 242
Uploaded value was: 242
Detected a task scheduled
Detected a task scheduled
Trying send fast command
Trying send fast command
Executing command: On
Executing command: On
Trying to read the value
Trying to read the value
Executing command: GetRam
Executing command: GetRam
Uploading value to rethink
Uploading value to rethink
Uploaded value was: 10
Uploaded value was: 10
Detected a task scheduled
Detected a task scheduled
Trying send fast command
Trying send fast command
Executing command: Off
Executing command: Off
Trying to read the value
Trying to read the value
Executing command: GetRam
Executing command: GetRam
Uploading value to rethink
Uploading value to rethink
Uploaded value was: 126
Uploaded value was: 126
Detected a task scheduled
Detected a task scheduled
Trying send fast command
Trying send fast command
Executing command: On
Executing command: On
Trying to read the value
Trying to read the value
Executing command: GetRam
Executing command: GetRam
Uploading value to rethink
Uploading value to rethink
Uploaded value was: 10
Uploaded value was: 10
Detected a task scheduled
Detected a task scheduled
Trying send fast command
Trying send fast command
Executing command: On
Executing command: On
Trying to read the value
Trying to read the value
Executing command: GetRam
Executing command: GetRam
Uploading value to rethink
Uploading value to rethink
Uploaded value was: 10
Uploaded value was: 10
Trying to read the value
Trying to read the value
Executing command: GetRam
Executing command: GetRam
Uploading value to rethink
Uploading value to rethink
Uploaded value was: 255
Uploaded value was: 255
Trying to read the value
Trying to read the value
Executing command: GetRam
Executing command: GetRam
Error: 'NoneType' object has no attribute 'get'
Error: 'NoneType' object has no attribute 'get'
Trying to read the value
Trying to read the value
Executing command: GetRam
Executing command: GetRam
Error: 'NoneType' object has no attribute 'get'
Error: 'NoneType' object has no attribute 'get'
Detected a task scheduled
Detected a task scheduled
Trying send fast command
Trying send fast command
Executing command: On
Executing command: On
Trying to read the value
Trying to read the value
Executing command: GetRam
Executing command: GetRam
Error: 'NoneType' object has no attribute 'get'
Error: 'NoneType' object has no attribute 'get'
Detected a task scheduled
Detected a task scheduled
Trying send fast command
Trying send fast command
Executing command: On
Executing command: On
Trying to read the value
Trying to read the value
Executing command: GetRam
Executing command: GetRam
Error: 'NoneType' object has no attribute 'get'
Error: 'NoneType' object has no attribute 'get'
Detected a task scheduled
Detected a task scheduled
Trying send fast command
Trying send fast command
Executing command: Off
Executing command: Off
Trying to read the value
Trying to read the value
Executing command: GetRam
Executing command: GetRam
Error: 'NoneType' object has no attribute 'get'
Error: 'NoneType' object has no attribute 'get'
Detected a task scheduled
Detected a task scheduled
Trying send fast command
Trying send fast command
Executing command: Off
Executing command: Off
Trying to read the value
Trying to read the value
Executing command: GetRam
Executing command: GetRam
Uploading value to rethink
Uploading value to rethink
Uploaded value was: None
Uploaded value was: None
Detected a task scheduled
Detected a task scheduled
Trying send fast command
Trying send fast command
Executing command: On
Executing command: On
Trying to read the value
Trying to read the value
Executing command: GetRam
Executing command: GetRam
Uploading value to rethink
Uploading value to rethink
Uploaded value was: None
Uploaded value was: None
Detected a task scheduled
Detected a task scheduled
Trying send fast command
Trying send fast command
Executing command: On
Executing command: On
Trying to read the value
Trying to read the value
Executing command: GetRam
Executing command: GetRam
Error: Reading off the end of the data. Tried to read 8 bits when only 0 available.
Error: Reading off the end of the data. Tried to read 8 bits when only 0 available.
Detected a task scheduled
Detected a task scheduled
Trying send fast command
Trying send fast command
Executing command: On
Executing command: On
Trying to read the value
Trying to read the value
Executing command: GetRam
Executing command: GetRam
Uploading value to rethink
Uploading value to rethink
Uploaded value was: None
Uploaded value was: None
Detected a task scheduled
Detected a task scheduled
Trying send fast command
Trying send fast command
Executing command: On
Executing command: On
Trying to read the value
Trying to read the value
Executing command: GetRam
Executing command: GetRam
Uploading value to rethink
Uploading value to rethink
Uploaded value was: None
Uploaded value was: None
Detected a task scheduled
Detected a task scheduled
Trying send fast command
Trying send fast command
Executing command: Off
Executing command: Off
Trying to read the value
Trying to read the value
Executing command: GetRam
Executing command: GetRam
Uploading value to rethink
Uploading value to rethink
Uploaded value was: None
Uploaded value was: None
Detected a task scheduled
Detected a task scheduled
Trying send fast command
Trying send fast command
Executing command: Off
Executing command: Off
Trying to read the value
Trying to read the value
Executing command: GetRam
Executing command: GetRam
Uploading value to rethink
Uploading value to rethink
Uploaded value was: None
Uploaded value was: None
Detected a task scheduled
Detected a task scheduled
Trying send fast command
Trying send fast command
Executing command: Off
Executing command: Off
Trying to read the value
Trying to read the value
Executing command: GetRam
Executing command: GetRam
Uploading value to rethink
Uploading value to rethink
Uploaded value was: None
Uploaded value was: None
Detected a task scheduled
Detected a task scheduled
Trying send fast command
Trying send fast command
Executing command: On
Executing command: On
Trying to read the value
Trying to read the value
Executing command: GetRam
Executing command: GetRam
Uploading value to rethink
Uploading value to rethink
Uploaded value was: None
Uploaded value was: None
Detected a task scheduled
Detected a task scheduled
Trying send fast command
Trying send fast command
Executing command: Off
Executing command: Off
Trying to read the value
Trying to read the value
Executing command: GetRam
Executing command: GetRam
Uploading value to rethink
Uploading value to rethink
Uploaded value was: None
Uploaded value was: None
Detected a task scheduled
Detected a task scheduled
Trying send fast command
Trying send fast command
Executing command: On
Executing command: On
Trying to read the value
Trying to read the value
Executing command: GetRam
Executing command: GetRam
Uploading value to rethink
Uploading value to rethink
Uploaded value was: None
Uploaded value was: None
Detected a task scheduled
Detected a task scheduled
Trying send fast command
Trying send fast command
Executing command: Off
Executing command: Off
Trying to read the value
Trying to read the value
Executing command: GetRam
Executing command: GetRam
Uploading value to rethink
Uploading value to rethink
Uploaded value was: None
Uploaded value was: None
Detected a task scheduled
Detected a task scheduled
Trying send fast command
Trying send fast command
Executing command: On
Executing command: On
Trying to read the value
Trying to read the value
Executing command: GetRam
Executing command: GetRam
Uploading value to rethink
Uploading value to rethink
Uploaded value was: None
Uploaded value was: None
Detected a task scheduled
Detected a task scheduled
Trying send fast command
Trying send fast command
Executing command: On
Executing command: On
Trying to read the value
Trying to read the value
Executing command: GetRam
Executing command: GetRam
Uploading value to rethink
Uploading value to rethink
Uploaded value was: None
Uploaded value was: None
Detected a task scheduled
Detected a task scheduled
Trying send fast command
Trying send fast command
Executing command: Off
Executing command: Off
Trying to read the value
Trying to read the value
Executing command: GetRam
Executing command: GetRam
Uploading value to rethink
Uploading value to rethink
Uploaded value was: None
Uploaded value was: None
Detected a task scheduled
Detected a task scheduled
Trying send fast command
Trying send fast command
Executing command: Off
Executing command: Off
Trying to read the value
Trying to read the value
Executing command: GetRam
Executing command: GetRam
Uploading value to rethink
Uploading value to rethink
Uploaded value was: None
Uploaded value was: None
Detected a task scheduled
Detected a task scheduled
Trying send fast command
Trying send fast command
Executing command: On
Executing command: On
Trying to read the value
Trying to read the value
Executing command: GetRam
Executing command: GetRam
Uploading value to rethink
Uploading value to rethink
Uploaded value was: None
Uploaded value was: None
Detected a task scheduled
Detected a task scheduled
Trying send fast command
Trying send fast command
Executing command: On
Executing command: On
Trying to read the value
Trying to read the value
Executing command: GetRam
Executing command: GetRam
Uploading value to rethink
Uploading value to rethink
Uploaded value was: None
Uploaded value was: None
Detected a task scheduled
Detected a task scheduled
Trying send fast command
Trying send fast command
Executing command: On
Executing command: On
Trying to read the value
Trying to read the value
Executing command: GetRam
Executing command: GetRam
Uploading value to rethink
Uploading value to rethink
Uploaded value was: None
Uploaded value was: None
Detected a task scheduled
Detected a task scheduled
Trying send fast command
Trying send fast command
Executing command: On
Executing command: On
Trying to read the value
Trying to read the value
Executing command: GetRam
Executing command: GetRam
Uploading value to rethink
Uploading value to rethink
Uploaded value was: None
Uploaded value was: None
Detected a task scheduled
Detected a task scheduled
Trying send fast command
Trying send fast command
Executing command: Off
Executing command: Off
Trying to read the value
Trying to read the value
Executing command: GetRam
Executing command: GetRam
Uploading value to rethink
Uploading value to rethink
Uploaded value was: None
Uploaded value was: None
Detected a task scheduled
Detected a task scheduled
Trying send fast command
Trying send fast command
Executing command: Off
Executing command: Off
Error: Reading off the end of the data. Tried to read 4 bits when only 0 available.
Error: Reading off the end of the data. Tried to read 4 bits when only 0 available.
Trying to read the value
Trying to read the value
Executing command: GetRam
Executing command: GetRam
Uploading value to rethink
Uploading value to rethink
Uploaded value was: None
Uploaded value was: None
Detected a task scheduled
Detected a task scheduled
Trying send fast command
Trying send fast command
Executing command: Off
Executing command: Off
Detected a task scheduled
Detected a task scheduled
Trying send fast command
Trying send fast command
Executing command: Off
Executing command: Off
Trying to read the value
Trying to read the value
Executing command: GetRam
Executing command: GetRam
Uploading value to rethink
Uploading value to rethink
Uploaded value was: None
Uploaded value was: None
Trying to read the value
Trying to read the value
Executing command: GetRam
Executing command: GetRam
Uploading value to rethink
Uploading value to rethink
Uploaded value was: None
Uploaded value was: None
Detected a task scheduled
Detected a task scheduled
Trying send fast command
Trying send fast command
Executing command: On
Executing command: On
Trying to read the value
Trying to read the value
Executing command: GetRam
Executing command: GetRam
Uploading value to rethink
Uploading value to rethink
Uploaded value was: None
Uploaded value was: None
Detected a task scheduled
Detected a task scheduled
Trying send fast command
Trying send fast command
Executing command: On
Executing command: On
Detected a task scheduled
Detected a task scheduled
Trying send fast command
Trying send fast command
Executing command: On
Executing command: On
Trying to read the value
Trying to read the value
Executing command: GetRam
Executing command: GetRam
Uploading value to rethink
Uploading value to rethink
Uploaded value was: None
Uploaded value was: None
Detected a task scheduled
Detected a task scheduled
Trying send fast command
Trying send fast command
Executing command: On
Executing command: On
Trying to read the value
Trying to read the value
Executing command: GetRam
Executing command: GetRam
Uploading value to rethink
Uploading value to rethink
Uploaded value was: None
Uploaded value was: None
Trying to read the value
Trying to read the value
Executing command: GetRam
Executing command: GetRam
Uploading value to rethink
Uploading value to rethink
Uploaded value was: None
Uploaded value was: None
Detected a task scheduled
Detected a task scheduled
Trying send fast command
Trying send fast command
Executing command: Off
Executing command: Off
Trying to read the value
Trying to read the value
Executing command: GetRam
Executing command: GetRam
Uploading value to rethink
Uploading value to rethink
Uploaded value was: None
Uploaded value was: None
Detected a task scheduled
Detected a task scheduled
Trying send fast command
Trying send fast command
Executing command: Off
Executing command: Off
Trying to read the value
Trying to read the value
Executing command: GetRam
Executing command: GetRam
Uploading value to rethink
Uploading value to rethink
Uploaded value was: None
Uploaded value was: None
Detected a task scheduled
Detected a task scheduled
Trying send fast command
Trying send fast command
Executing command: Off
Executing command: Off
Trying to read the value
Trying to read the value
Executing command: GetRam
Executing command: GetRam
Uploading value to rethink
Uploading value to rethink
Uploaded value was: None
Uploaded value was: None
Detected a task scheduled
Detected a task scheduled
Trying send fast command
Trying send fast command
Executing command: Off
Executing command: Off
